<?xml version="1.0" encoding="UTF-8"?>
<testng-results skipped="0" failed="0" total="4" passed="4">
  <reporter-output>
  </reporter-output>
  <suite name="Default suite" duration-ms="51525" started-at="2020-07-30T01:32:15Z" finished-at="2020-07-30T01:33:07Z">
    <groups>
    </groups>
    <test name="Default test" duration-ms="51525" started-at="2020-07-30T01:32:15Z" finished-at="2020-07-30T01:33:07Z">
      <class name="myPack.Priya">
        <test-method status="PASS" signature="AddEmp()[pri:0, instance:myPack.Priya@215be6bb]" name="AddEmp" duration-ms="66" started-at="2020-07-30T11:32:15Z" finished-at="2020-07-30T11:32:15Z">
          <reporter-output>
          </reporter-output>
        </test-method> <!-- AddEmp -->
        <test-method status="PASS" signature="EditEmp()[pri:0, instance:myPack.Priya@215be6bb]" name="EditEmp" duration-ms="6" started-at="2020-07-30T11:32:15Z" finished-at="2020-07-30T11:32:15Z">
          <reporter-output>
          </reporter-output>
        </test-method> <!-- EditEmp -->
        <test-method status="PASS" signature="googleSearch()[pri:0, instance:myPack.Priya@215be6bb]" name="googleSearch" duration-ms="31992" started-at="2020-07-30T11:32:15Z" finished-at="2020-07-30T11:32:47Z">
          <reporter-output>
          </reporter-output>
        </test-method> <!-- googleSearch -->
        <test-method status="PASS" signature="verifyLogin()[pri:0, instance:myPack.Priya@215be6bb]" name="verifyLogin" duration-ms="19396" started-at="2020-07-30T11:32:47Z" finished-at="2020-07-30T11:33:07Z">
          <reporter-output>
          </reporter-output>
        </test-method> <!-- verifyLogin -->
      </class> <!-- myPack.Priya -->
    </test> <!-- Default test -->
  </suite> <!-- Default suite -->
</testng-results>
