<?xml version="1.0" encoding="UTF-8"?>
<!-- Generated by org.testng.reporters.JUnitXMLReporter -->
<testsuite hostname="LAPTOP-J6C159RC" name="priya" tests="4" failures="0" timestamp="5 Aug 2020 07:33:40 GMT" time="64.099" errors="0">
  <testcase name="AddEmp" time="0.019" classname="myPack.Priya"/>
  <testcase name="EditEmp" time="0.0" classname="myPack.Priya"/>
  <testcase name="googleSearch" time="26.847" classname="myPack.Priya"/>
  <testcase name="verifyLogin" time="37.22" classname="myPack.Priya"/>
</testsuite> <!-- priya -->
