<?xml version="1.0" encoding="UTF-8"?>
<testng-results skipped="0" failed="0" total="4" passed="4">
  <reporter-output>
  </reporter-output>
  <suite name="priya" duration-ms="64099" started-at="2020-08-05T07:32:36Z" finished-at="2020-08-05T07:33:40Z">
    <groups>
    </groups>
    <test name="priya" duration-ms="64099" started-at="2020-08-05T07:32:36Z" finished-at="2020-08-05T07:33:40Z">
      <class name="myPack.Priya">
        <test-method status="PASS" signature="AddEmp()[pri:0, instance:myPack.Priya@7c30a502]" name="AddEmp" duration-ms="19" started-at="2020-08-05T17:32:36Z" finished-at="2020-08-05T17:32:36Z">
          <reporter-output>
          </reporter-output>
        </test-method> <!-- AddEmp -->
        <test-method status="PASS" signature="EditEmp()[pri:0, instance:myPack.Priya@7c30a502]" name="EditEmp" duration-ms="0" started-at="2020-08-05T17:32:36Z" finished-at="2020-08-05T17:32:36Z">
          <reporter-output>
          </reporter-output>
        </test-method> <!-- EditEmp -->
        <test-method status="PASS" signature="googleSearch()[pri:0, instance:myPack.Priya@7c30a502]" name="googleSearch" duration-ms="26847" started-at="2020-08-05T17:32:36Z" finished-at="2020-08-05T17:33:03Z">
          <reporter-output>
          </reporter-output>
        </test-method> <!-- googleSearch -->
        <test-method status="PASS" signature="verifyLogin()[pri:0, instance:myPack.Priya@7c30a502]" name="verifyLogin" duration-ms="37220" started-at="2020-08-05T17:33:03Z" finished-at="2020-08-05T17:33:40Z">
          <reporter-output>
          </reporter-output>
        </test-method> <!-- verifyLogin -->
      </class> <!-- myPack.Priya -->
    </test> <!-- priya -->
  </suite> <!-- priya -->
</testng-results>
