<?xml version="1.0" encoding="UTF-8"?>
<!-- Generated by org.testng.reporters.JUnitXMLReporter -->
<testsuite hostname="LAPTOP-J6C159RC" name="Default test" tests="4" failures="0" timestamp="30 Jul 2020 01:33:07 GMT" time="51.525" errors="0">
  <testcase name="AddEmp" time="0.066" classname="myPack.Priya"/>
  <testcase name="EditEmp" time="0.006" classname="myPack.Priya"/>
  <testcase name="googleSearch" time="31.992" classname="myPack.Priya"/>
  <testcase name="verifyLogin" time="19.396" classname="myPack.Priya"/>
</testsuite> <!-- Default test -->
